<testsuites id="" name="" tests="5" failures="0" skipped="0" errors="0" time="115.59300400000001">
<testsuite name="setup\auth.setup.ts" timestamp="2026-02-01T12:25:55.421Z" hostname="setup" tests="1" failures="0" skipped="0" time="28.285" errors="0">
<testcase name="authenticate group host user" classname="setup\auth.setup.ts" time="28.285">
<system-out>
<![CDATA[[CHAT WIDGET] HIDDEN | Test: authenticate group host user
[2026-02-01T12:26:13.748Z] [SUCCESS] Login successful
]]>
</system-out>
</testcase>
</testsuite>
<testsuite name="group\create-group.spec.ts" timestamp="2026-02-01T12:25:55.421Z" hostname="01-create-group" tests="1" failures="0" skipped="0" time="17.132" errors="0">
<testcase name="Group Creation › Group Host can create a group successfully" classname="group\create-group.spec.ts" time="17.132">
<system-out>
<![CDATA[[CHAT WIDGET] HIDDEN | Test: Group Host can create a group successfully
[2026-02-01T12:26:28.662Z] [INFO] Starting Group Creation test
[2026-02-01T12:26:28.663Z] [STEP] Generated group name: Automation_Group_20260201_175628
[2026-02-01T12:26:28.663Z] [STEP] Navigating to Dashboard
[2026-02-01T12:26:31.856Z] [SUCCESS] Dashboard loaded
[2026-02-01T12:26:31.856Z] [STEP] Clicking "Start Group" from Dashboard
[2026-02-01T12:26:31.858Z] [STEP] Clicking on Start a Group
[2026-02-01T12:26:35.340Z] [SUCCESS] "Start Group" clicked
[2026-02-01T12:26:35.341Z] [STEP] Verifying Create Group page loaded
[2026-02-01T12:26:35.342Z] [ASSERT] Create Group page is loaded
[2026-02-01T12:26:38.228Z] [SUCCESS] Create Group page loaded
[2026-02-01T12:26:38.228Z] [STEP] Entering group details
[2026-02-01T12:26:38.229Z] [STEP] Filling group details
[2026-02-01T12:26:39.147Z] [SUCCESS] Group details entered
[2026-02-01T12:26:39.148Z] [STEP] Selecting random group tag
[2026-02-01T12:26:39.148Z] [STEP] Selecting a random group tag
[2026-02-01T12:26:41.540Z] [SUCCESS] Group tag selected
[2026-02-01T12:26:41.540Z] [STEP] Submitting Create Group form
[2026-02-01T12:26:41.540Z] [STEP] Submitting group creation Preview
[2026-02-01T12:26:41.689Z] [STEP] Confirming group submission
[2026-02-01T12:26:42.335Z] [SUCCESS] Create Group submitted
[2026-02-01T12:26:42.336Z] [STEP] Verifying group creation success message
[2026-02-01T12:26:44.314Z] [SUCCESS] Group created successfully (confirmation visible)
[2026-02-01T12:26:44.314Z] [INFO] Saving group name: Automation_Group_20260201_175628
[2026-02-01T12:26:44.316Z] [SUCCESS] Group name stored for reuse: Automation_Group_20260201_175628
[2026-02-01T12:26:44.316Z] [INFO] Group Creation test completed successfully
]]>
</system-out>
</testcase>
</testsuite>
<testsuite name="group\group-activation-payment.spec.ts" timestamp="2026-02-01T12:25:55.421Z" hostname="02-group-activation" tests="1" failures="0" skipped="0" time="24.625" errors="0">
<testcase name="Host activates group by completing platform payment @activation" classname="group\group-activation-payment.spec.ts" time="24.625">
<system-out>
<![CDATA[[CHAT WIDGET] HIDDEN | Test: Host activates group by completing platform payment @activation
[2026-02-01T12:26:48.667Z] [INFO] TEST STARTED: Host group activation via platform payment
[2026-02-01T12:26:48.669Z] [STEP] Target group for activation: Automation_Group_20260201_175628
[2026-02-01T12:26:48.669Z] [STEP] Opening inactive group and redirecting to payment flow
[2026-02-01T12:26:48.671Z] [STEP] Navigating to My Groups page
[2026-02-01T12:26:52.195Z] [STEP] Waiting for group cards to render
[2026-02-01T12:26:57.086Z] [STEP] Priority scan initiated for group: Automation_Group_20260201_175628
[2026-02-01T12:26:59.431Z] [SUCCESS] Priority group found: Automation_Group_20260201_175628

1 Member

Activate your group
[2026-02-01T12:26:59.458Z] [SUCCESS] Priority group is inactive, opening activation flow
[2026-02-01T12:27:00.876Z] [SUCCESS] Activation or payment page detected for priority group
[2026-02-01T12:27:00.877Z] [SUCCESS] Redirected to payment page for group: Automation_Group_20260201_175628

1 Member

Activate your group
[2026-02-01T12:27:00.877Z] [STEP] Waiting for activation payment page to load
[2026-02-01T12:27:00.877Z] [STEP] Waiting for Stripe payment iframe to become interactive
[2026-02-01T12:27:08.213Z] [SUCCESS] Stripe payment iframe and card inputs are ready
[2026-02-01T12:27:08.214Z] [STEP] Entering platform payment details
[2026-02-01T12:27:08.214Z] [STEP] Entering Stripe test card details
[2026-02-01T12:27:08.214Z] [STEP] Entering card number
[2026-02-01T12:27:10.053Z] [STEP] Entering expiry date
[2026-02-01T12:27:10.585Z] [STEP] Entering CVC
[2026-02-01T12:27:11.332Z] [SUCCESS] Stripe payment details entered successfully
[2026-02-01T12:27:11.332Z] [STEP] Submitting platform activation payment
[2026-02-01T12:27:11.332Z] [STEP] Submitting payment
[2026-02-01T12:27:11.579Z] [SUCCESS] Payment submitted
[2026-02-01T12:27:11.579Z] [SUCCESS] TEST COMPLETED: Group activated successfully via platform payment
]]>
</system-out>
</testcase>
</testsuite>
<testsuite name="group\group-membership-setup.spec.ts" timestamp="2026-02-01T12:25:55.421Z" hostname="03-group-membership" tests="1" failures="0" skipped="0" time="13.089" errors="0">
<testcase name="Host configures group payment type for member access" classname="group\group-membership-setup.spec.ts" time="13.089">
<system-out>
<![CDATA[[CHAT WIDGET] HIDDEN | Test: Host configures group payment type for member access
[2026-02-01T12:27:15.899Z] [INFO] Starting Group Membership Setup test
[2026-02-01T12:27:15.902Z] [STEP] Opening Profile → Payments page
[2026-02-01T12:27:23.467Z] [SUCCESS] Profile Payments page ready
[2026-02-01T12:27:23.468Z] [STEP] Target group for configures member access: Automation_Group_20260201_175628
[2026-02-01T12:27:23.469Z] [STEP] Selecting group: Automation_Group_20260201_175628
[2026-02-01T12:27:23.955Z] [STEP] Selecting group from Chakra virtualized menu
[2026-02-01T12:27:25.372Z] [SUCCESS] Group switched successfully to: Automation_Group_20260201_175628
[2026-02-01T12:27:25.373Z] [STEP] Selecting FREE payment type
[2026-02-01T12:27:25.518Z] [STEP] Saving payment settings
[2026-02-01T12:27:27.466Z] [SUCCESS] Payment type saved successfully (success message visible)
[2026-02-01T12:27:27.466Z] [SUCCESS] Group membership selection completed
]]>
</system-out>
</testcase>
</testsuite>
<testsuite name="session\create-session.spec.ts" timestamp="2026-02-01T12:25:55.421Z" hostname="04-create-session" tests="1" failures="0" skipped="0" time="19.39" errors="0">
<testcase name="Create Session › Host creates a session successfully" classname="session\create-session.spec.ts" time="19.39">
<system-out>
<![CDATA[[CHAT WIDGET] HIDDEN | Test: Host creates a session successfully
[2026-02-01T12:27:31.498Z] [INFO] Starting Create Session test
[2026-02-01T12:27:31.498Z] [STEP] Navigating to Dashboard
[2026-02-01T12:27:34.963Z] [SUCCESS] Dashboard loaded
[2026-02-01T12:27:34.963Z] [STEP] Searching for a group that supports Create Session
[2026-02-01T12:27:34.965Z] [STEP] Searching for saved group to create session: Automation_Group_20260201_175628
[2026-02-01T12:27:34.966Z] [STEP] Navigating to My Groups page
[2026-02-01T12:27:37.767Z] [STEP] Waiting for group cards to render
[2026-02-01T12:27:42.283Z] [INFO] Total groups detected: 54
[2026-02-01T12:27:44.646Z] [SUCCESS] Saved group matched: Automation_Group_20260201_175628
[2026-02-01T12:27:44.725Z] [STEP] Opening saved group chat
[2026-02-01T12:27:44.975Z] [STEP] Initiating Create Session flow from Chat menu
[2026-02-01T12:27:44.975Z] [STEP] Verifying chat page has loaded correctly
[2026-02-01T12:27:48.981Z] [SUCCESS] Chat page layout is visible
[2026-02-01T12:27:49.130Z] [SUCCESS] Chat page opened for expected group: Automation_Group_20260201_175628
[2026-02-01T12:27:49.157Z] [INFO] Announcement banner detected, attempting to close
[2026-02-01T12:27:49.503Z] [SUCCESS] Announcement banner closed successfully
]]>
</system-out>
<system-err>
<![CDATA[[2026-02-01T12:27:49.697Z] [ERROR] Failed to open Create Session from Chat menu
expect.toBeEnabled: Target page, context or browser has been closed
    at ChatPage.waitUntilInteractable (D:\Git\mentalhappy-playwright\src\pages\chat\ChatPage.ts:68:27)
    at ChatPage.openCreateSessionFromChatMenu (D:\Git\mentalhappy-playwright\src\pages\chat\ChatPage.ts:141:7)
    at MyGroupsPage.openSavedGroupSupportingCreateSession (D:\Git\mentalhappy-playwright\src\pages\dashboard\MyGroupsPage.ts:101:22)
    at D:\Git\mentalhappy-playwright\tests\session\create-session.spec.ts:27:25
[2026-02-01T12:27:49.697Z] [WARN] Saved group does not expose Create Session action
[2026-02-01T12:27:49.697Z] [WARN] No saved group supports Create Session
]]>
</system-err>
</testcase>
</testsuite>
</testsuites>