<testsuites id="" name="" tests="5" failures="1" skipped="0" errors="0" time="91.864608">
<testsuite name="setup\auth.setup.ts" timestamp="2026-02-01T10:22:52.443Z" hostname="setup" tests="1" failures="0" skipped="0" time="26.442" errors="0">
<testcase name="authenticate group host user" classname="setup\auth.setup.ts" time="26.442">
<system-out>
<![CDATA[[CHAT WIDGET] HIDDEN | Test: authenticate group host user
[2026-02-01T10:23:09.586Z] [SUCCESS] Login successful
]]>
</system-out>
</testcase>
</testsuite>
<testsuite name="group\create-group.spec.ts" timestamp="2026-02-01T10:22:52.443Z" hostname="01-create-group" tests="1" failures="0" skipped="0" time="15.724" errors="0">
<testcase name="Group Creation › Group Host can create a group successfully" classname="group\create-group.spec.ts" time="15.724">
<system-out>
<![CDATA[[CHAT WIDGET] HIDDEN | Test: Group Host can create a group successfully
[2026-02-01T10:23:22.898Z] [INFO] Starting Group Creation test
[2026-02-01T10:23:22.898Z] [STEP] Generated group name: Automation_Group_20260201_155322
[2026-02-01T10:23:22.899Z] [STEP] Navigating to Dashboard
[2026-02-01T10:23:26.372Z] [SUCCESS] Dashboard loaded
[2026-02-01T10:23:26.372Z] [STEP] Clicking "Start Group" from Dashboard
[2026-02-01T10:23:26.374Z] [STEP] Clicking on Start a Group
[2026-02-01T10:23:30.075Z] [SUCCESS] "Start Group" clicked
[2026-02-01T10:23:30.076Z] [STEP] Verifying Create Group page loaded
[2026-02-01T10:23:30.077Z] [ASSERT] Create Group page is loaded
[2026-02-01T10:23:32.515Z] [SUCCESS] Create Group page loaded
[2026-02-01T10:23:32.515Z] [STEP] Entering group details
[2026-02-01T10:23:32.516Z] [STEP] Filling group details
[2026-02-01T10:23:33.129Z] [SUCCESS] Group details entered
[2026-02-01T10:23:33.129Z] [STEP] Selecting random group tag
[2026-02-01T10:23:33.129Z] [STEP] Selecting a random group tag
[2026-02-01T10:23:34.667Z] [SUCCESS] Group tag selected
[2026-02-01T10:23:34.667Z] [STEP] Submitting Create Group form
[2026-02-01T10:23:34.668Z] [STEP] Submitting group creation Preview
[2026-02-01T10:23:34.749Z] [STEP] Confirming group submission
[2026-02-01T10:23:35.762Z] [SUCCESS] Create Group submitted
[2026-02-01T10:23:35.762Z] [STEP] Verifying group creation success message
[2026-02-01T10:23:37.720Z] [SUCCESS] Group created successfully (confirmation visible)
[2026-02-01T10:23:37.720Z] [INFO] Saving group name: Automation_Group_20260201_155322
[2026-02-01T10:23:37.721Z] [SUCCESS] Group name stored for reuse: Automation_Group_20260201_155322
[2026-02-01T10:23:37.722Z] [INFO] Group Creation test completed successfully
]]>
</system-out>
</testcase>
</testsuite>
<testsuite name="group\group-activation-payment.spec.ts" timestamp="2026-02-01T10:22:52.443Z" hostname="02-group-activation" tests="1" failures="0" skipped="0" time="23.639" errors="0">
<testcase name="Host activates group by completing platform payment @activation" classname="group\group-activation-payment.spec.ts" time="23.639">
<system-out>
<![CDATA[[CHAT WIDGET] HIDDEN | Test: Host activates group by completing platform payment @activation
[2026-02-01T10:23:40.449Z] [INFO] TEST STARTED: Host group activation via platform payment
[2026-02-01T10:23:40.451Z] [STEP] Target group for activation: Automation_Group_20260201_155322
[2026-02-01T10:23:40.451Z] [STEP] Opening inactive group and redirecting to payment flow
[2026-02-01T10:23:40.452Z] [STEP] Navigating to My Groups page
[2026-02-01T10:23:44.243Z] [STEP] Waiting for group cards to render
[2026-02-01T10:23:48.503Z] [STEP] Priority scan initiated for group: Automation_Group_20260201_155322
[2026-02-01T10:23:49.676Z] [SUCCESS] Priority group found: Automation_Group_20260201_155322

1 Member

Activate your group
[2026-02-01T10:23:49.696Z] [SUCCESS] Priority group is inactive, opening activation flow
[2026-02-01T10:23:50.476Z] [SUCCESS] Activation or payment page detected for priority group
[2026-02-01T10:23:50.476Z] [SUCCESS] Redirected to payment page for group: Automation_Group_20260201_155322

1 Member

Activate your group
[2026-02-01T10:23:50.477Z] [STEP] Waiting for activation payment page to load
[2026-02-01T10:23:50.477Z] [STEP] Waiting for Stripe payment iframe to become interactive
[2026-02-01T10:23:57.783Z] [SUCCESS] Stripe payment iframe and card inputs are ready
[2026-02-01T10:23:57.783Z] [STEP] Entering platform payment details
[2026-02-01T10:23:57.783Z] [STEP] Entering Stripe test card details
[2026-02-01T10:23:57.784Z] [STEP] Entering card number
[2026-02-01T10:23:59.200Z] [STEP] Entering expiry date
[2026-02-01T10:23:59.612Z] [STEP] Entering CVC
[2026-02-01T10:24:00.090Z] [SUCCESS] Stripe payment details entered successfully
[2026-02-01T10:24:00.090Z] [STEP] Submitting platform activation payment
[2026-02-01T10:24:00.090Z] [STEP] Submitting group activation payment
[2026-02-01T10:24:00.122Z] [STEP] Clicking Pay and Activate Group button
[2026-02-01T10:24:03.221Z] [SUCCESS] Payment submitted and group activation confirmed
[2026-02-01T10:24:03.221Z] [SUCCESS] TEST COMPLETED: Group activated successfully via platform payment
]]>
</system-out>
</testcase>
</testsuite>
<testsuite name="group\group-membership-setup.spec.ts" timestamp="2026-02-01T10:22:52.443Z" hostname="03-group-membership" tests="1" failures="0" skipped="0" time="11.951" errors="0">
<testcase name="Host configures group payment type for member access" classname="group\group-membership-setup.spec.ts" time="11.951">
<system-out>
<![CDATA[[CHAT WIDGET] HIDDEN | Test: Host configures group payment type for member access
[2026-02-01T10:24:05.933Z] [INFO] Starting Group Membership Setup test
[2026-02-01T10:24:05.941Z] [STEP] Opening Profile → Payments page
[2026-02-01T10:24:12.606Z] [SUCCESS] Profile Payments page ready
[2026-02-01T10:24:12.607Z] [STEP] Target group for configures member access: Automation_Group_20260201_155322
[2026-02-01T10:24:12.607Z] [STEP] Selecting group: Automation_Group_20260201_155322
[2026-02-01T10:24:14.190Z] [SUCCESS] Group switched successfully to: Automation_Group_20260201_155322
[2026-02-01T10:24:14.191Z] [STEP] Selecting FREE payment type
[2026-02-01T10:24:14.295Z] [STEP] Saving payment settings
[2026-02-01T10:24:16.240Z] [SUCCESS] Payment type saved successfully (success message visible)
[2026-02-01T10:24:16.241Z] [SUCCESS] Group membership selection completed
]]>
</system-out>
</testcase>
</testsuite>
<testsuite name="session\create-session.spec.ts" timestamp="2026-02-01T10:22:52.443Z" hostname="04-create-session" tests="1" failures="1" skipped="0" time="4.63" errors="0">
<testcase name="Create Session › Host creates a session successfully" classname="session\create-session.spec.ts" time="4.63">
<failure message="create-session.spec.ts:9:7 Host creates a session successfully" type="FAILURE">
<![CDATA[  [04-create-session] › session\create-session.spec.ts:9:7 › Create Session › Host creates a session successfully @regression 

    Error: page.goto: net::ERR_ABORTED at https://staging.mentalhappy.com/groups/my
    Call log:
      - navigating to "https://staging.mentalhappy.com/groups/my", waiting until "domcontentloaded"


       at ..\src\pages\dashboard\MyGroupsPage.ts:124

      122 |     Logger.step('Navigating to My Groups page');
      123 |
    > 124 |     await this.page.goto(URLS.MYGROUP, {
          |                     ^
      125 |       waitUntil: 'domcontentloaded',
      126 |     });
      127 |
        at MyGroupsPage.openMyGroups (D:\Git\mentalhappy-playwright\src\pages\dashboard\MyGroupsPage.ts:124:21)
        at MyGroupsPage.openSavedGroupSupportingCreateSession (D:\Git\mentalhappy-playwright\src\pages\dashboard\MyGroupsPage.ts:41:16)
        at D:\Git\mentalhappy-playwright\tests\session\create-session.spec.ts:27:40

    attachment #5: video (video/webm) ──────────────────────────────────────────────────────────────
    ..\test-results\session-create-session-Cre-a1fe7-ates-a-session-successfully-04-create-session\video.webm
    ────────────────────────────────────────────────────────────────────────────────────────────────

    attachment #6: trace (application/zip) ─────────────────────────────────────────────────────────
    ..\test-results\session-create-session-Cre-a1fe7-ates-a-session-successfully-04-create-session\trace.zip
    Usage:

        npx playwright show-trace ..\test-results\session-create-session-Cre-a1fe7-ates-a-session-successfully-04-create-session\trace.zip

    ────────────────────────────────────────────────────────────────────────────────────────────────
]]>
</failure>
<system-out>
<![CDATA[[CHAT WIDGET] HIDDEN | Test: Host creates a session successfully
[2026-02-01T10:24:19.505Z] [INFO] Starting Create Session test
[2026-02-01T10:24:19.506Z] [STEP] Navigating to Dashboard
[2026-02-01T10:24:23.197Z] [SUCCESS] Dashboard loaded
[2026-02-01T10:24:23.197Z] [STEP] Searching for a group that supports Create Session
[2026-02-01T10:24:23.199Z] [STEP] Searching for saved group to create session: Automation_Group_20260201_155322
[2026-02-01T10:24:23.199Z] [STEP] Navigating to My Groups page

[[ATTACHMENT|..\test-results\session-create-session-Cre-a1fe7-ates-a-session-successfully-04-create-session\video.webm]]

[[ATTACHMENT|..\test-results\session-create-session-Cre-a1fe7-ates-a-session-successfully-04-create-session\trace.zip]]
]]>
</system-out>
</testcase>
</testsuite>
</testsuites>