<testsuites id="" name="" tests="11" failures="0" skipped="0" errors="0" time="230.15952">
<testsuite name="setup\auth.setup.ts" timestamp="2026-01-30T13:35:54.411Z" hostname="prepare-auth" tests="1" failures="0" skipped="0" time="39.362" errors="0">
<testcase name="authenticate group host user" classname="setup\auth.setup.ts" time="39.362">
<system-out>
<![CDATA[[CHAT WIDGET] HIDDEN | Test: authenticate group host user
[2026-01-30T13:36:20.826Z] [SUCCESS] Login successful
]]>
</system-out>
</testcase>
</testsuite>
<testsuite name="dashboard\group-listing.spec.ts" timestamp="2026-01-30T13:35:54.411Z" hostname="post-login-core" tests="1" failures="0" skipped="0" time="16.076" errors="0">
<testcase name="Groups – Listing › Group listing loads with correct visibility and status" classname="dashboard\group-listing.spec.ts" time="16.076">
<properties>
<property name="severity" value="critical">
</property>
</properties>
<system-out>
<![CDATA[[2026-01-30T13:36:58.026Z] [STEP] Opening My Groups page
[2026-01-30T13:36:58.027Z] [STEP] Navigating to My Groups page
[2026-01-30T13:37:01.800Z] [STEP] Waiting for group cards to render
[2026-01-30T13:37:11.981Z] [STEP] Verifying group cards are visible
[2026-01-30T13:37:12.165Z] [SUCCESS] Group listing loaded successfully with 232 groups
]]>
</system-out>
</testcase>
</testsuite>
<testsuite name="group\create-group.spec.ts" timestamp="2026-01-30T13:35:54.411Z" hostname="create-group" tests="1" failures="0" skipped="0" time="21.108" errors="0">
<testcase name="Group Creation › Group Host can create a group successfully" classname="group\create-group.spec.ts" time="21.108">
<system-out>
<![CDATA[[CHAT WIDGET] HIDDEN | Test: Group Host can create a group successfully
[2026-01-30T13:37:16.448Z] [INFO] Starting Group Creation test
[2026-01-30T13:37:16.450Z] [STEP] Generated group name: Automation_Group_20260130_190716
[2026-01-30T13:37:16.451Z] [STEP] Navigating to Dashboard
[2026-01-30T13:37:20.224Z] [SUCCESS] Dashboard loaded
[2026-01-30T13:37:20.224Z] [STEP] Clicking "Start Group" from Dashboard
[2026-01-30T13:37:20.226Z] [STEP] Clicking on Start a Group
[2026-01-30T13:37:27.512Z] [SUCCESS] "Start Group" clicked
[2026-01-30T13:37:27.512Z] [STEP] Verifying Create Group page loaded
[2026-01-30T13:37:27.513Z] [ASSERT] Create Group page is loaded
[2026-01-30T13:37:29.297Z] [SUCCESS] Create Group page loaded
[2026-01-30T13:37:29.297Z] [STEP] Entering group details
[2026-01-30T13:37:29.298Z] [STEP] Filling group details
[2026-01-30T13:37:30.500Z] [SUCCESS] Group details entered
[2026-01-30T13:37:30.500Z] [STEP] Selecting random group tag
[2026-01-30T13:37:30.501Z] [STEP] Selecting a random group tag
[2026-01-30T13:37:32.835Z] [SUCCESS] Group tag selected
[2026-01-30T13:37:32.835Z] [STEP] Submitting Create Group form
[2026-01-30T13:37:32.835Z] [STEP] Submitting group creation Preview
[2026-01-30T13:37:32.942Z] [STEP] Confirming group submission
[2026-01-30T13:37:34.026Z] [SUCCESS] Create Group submitted
[2026-01-30T13:37:34.026Z] [STEP] Verifying group creation success message
[2026-01-30T13:37:36.006Z] [SUCCESS] Group created successfully (confirmation visible)
[2026-01-30T13:37:36.006Z] [INFO] Saving group name: Automation_Group_20260130_190716
[2026-01-30T13:37:36.008Z] [SUCCESS] Group name stored for reuse: Automation_Group_20260130_190716
[2026-01-30T13:37:36.008Z] [INFO] Group Creation test completed successfully
]]>
</system-out>
</testcase>
</testsuite>
<testsuite name="group\group-activation-payment.spec.ts" timestamp="2026-01-30T13:35:54.411Z" hostname="group-monetization" tests="2" failures="0" skipped="0" time="65.367" errors="0">
<testcase name="Host Group Monetization Setup Flow › Host activates group by completing platform payment" classname="group\group-activation-payment.spec.ts" time="52.431">
<system-out>
<![CDATA[[2026-01-30T13:37:39.276Z] [INFO] Initializing shared browser session for Host Group Monetization flow
[2026-01-30T13:37:40.205Z] [SUCCESS] Shared browser context and page created
[2026-01-30T13:37:40.466Z] [INFO] STEP 1 STARTED: Group activation via platform payment
[2026-01-30T13:37:40.469Z] [STEP] Target group for activation: Automation_Group_20260130_190716
[2026-01-30T13:37:40.470Z] [STEP] Navigating to inactive group and initiating activation flow
[2026-01-30T13:37:40.471Z] [STEP] Navigating to My Groups page
[2026-01-30T13:37:44.249Z] [STEP] Waiting for group cards to render
[2026-01-30T13:37:53.846Z] [STEP] Priority scan initiated for group: Automation_Group_20260130_190716
[2026-01-30T13:38:13.268Z] [SUCCESS] Priority group found: Automation_Group_20260130_190716

1 Member

Activate your group
[2026-01-30T13:38:13.326Z] [SUCCESS] Priority group is inactive, opening activation flow
[2026-01-30T13:38:14.332Z] [SUCCESS] Activation or payment page detected for priority group
[2026-01-30T13:38:14.332Z] [SUCCESS] Redirected to payment page for group: Automation_Group_20260130_190716

1 Member

Activate your group
[2026-01-30T13:38:14.332Z] [STEP] Waiting for group activation payment page to load
[2026-01-30T13:38:14.332Z] [STEP] Waiting for Stripe payment iframe to become interactive
[2026-01-30T13:38:26.103Z] [SUCCESS] Stripe payment iframe and card inputs are ready
[2026-01-30T13:38:26.103Z] [STEP] Entering platform payment details
[2026-01-30T13:38:26.104Z] [STEP] Entering Stripe test card details
[2026-01-30T13:38:26.105Z] [STEP] Entering card number
[2026-01-30T13:38:27.919Z] [STEP] Entering expiry date
[2026-01-30T13:38:28.460Z] [STEP] Entering CVC
[2026-01-30T13:38:29.197Z] [SUCCESS] Stripe payment details entered successfully
[2026-01-30T13:38:29.197Z] [STEP] Submitting platform activation payment
[2026-01-30T13:38:29.197Z] [STEP] Submitting group activation payment
[2026-01-30T13:38:29.309Z] [STEP] Clicking Pay and Activate Group button
[2026-01-30T13:38:32.880Z] [SUCCESS] Payment submitted and confirmed successfully
[2026-01-30T13:38:32.880Z] [SUCCESS] STEP 1 COMPLETED: Group successfully activated via platform payment
]]>
</system-out>
</testcase>
<testcase name="Host Group Monetization Setup Flow › Host configures group payment type for member access" classname="group\group-activation-payment.spec.ts" time="12.936">
<system-out>
<![CDATA[[2026-01-30T13:38:33.076Z] [INFO] STEP 2 STARTED: Configuring group membership payment type
[2026-01-30T13:38:33.077Z] [STEP] Waiting for profile payment configuration page to be visible
[2026-01-30T13:38:33.078Z] [STEP] Waiting for Profile Payments page
[2026-01-30T13:38:36.604Z] [STEP] Waiting for payment settings form to mount
[2026-01-30T13:38:43.602Z] [SUCCESS] Profile Payments page loaded successfully
[2026-01-30T13:38:43.602Z] [STEP] Selecting Free payment type and saving configuration
[2026-01-30T13:38:43.603Z] [STEP] Selecting FREE payment type
[2026-01-30T13:38:43.696Z] [STEP] Waiting for Save Payment Settings button to be enabled
[2026-01-30T13:38:43.725Z] [STEP] Saving payment settings
[2026-01-30T13:38:45.952Z] [SUCCESS] Payment settings saved successfully and Members Count section loaded
[2026-01-30T13:38:45.952Z] [STEP] Verifying payment type configuration success message
[2026-01-30T13:38:45.996Z] [SUCCESS] STEP 2 COMPLETED: Group membership payment type configured successfully
[2026-01-30T13:38:46.106Z] [INFO] Tearing down shared browser session for Host Group Monetization flow
[2026-01-30T13:38:46.558Z] [SUCCESS] Browser context closed successfully
]]>
</system-out>
</testcase>
</testsuite>
<testsuite name="session\create-session.spec.ts" timestamp="2026-01-30T13:35:54.411Z" hostname="create-session" tests="1" failures="0" skipped="0" time="53.997" errors="0">
<testcase name="Create Session › Host creates a session successfully" classname="session\create-session.spec.ts" time="53.997">
<system-out>
<![CDATA[[CHAT WIDGET] HIDDEN | Test: Host creates a session successfully
[2026-01-30T13:38:50.482Z] [INFO] Starting Create Session test
[2026-01-30T13:38:50.482Z] [STEP] Navigating to Dashboard
[2026-01-30T13:38:54.247Z] [SUCCESS] Dashboard loaded
[2026-01-30T13:38:54.247Z] [STEP] Searching for a group that supports Create Session
[2026-01-30T13:38:54.249Z] [STEP] Searching for saved group to create session: Automation_Group_20260130_190716
[2026-01-30T13:38:54.250Z] [STEP] Navigating to My Groups page
[2026-01-30T13:38:57.281Z] [STEP] Waiting for group cards to render
[2026-01-30T13:39:07.196Z] [INFO] Total groups detected: 233
[2026-01-30T13:39:23.116Z] [SUCCESS] Saved group matched: Automation_Group_20260130_190716
[2026-01-30T13:39:23.257Z] [STEP] Opening saved group chat
[2026-01-30T13:39:23.634Z] [STEP] Initiating Create Session flow from Chat menu
[2026-01-30T13:39:23.635Z] [STEP] Verifying chat page has loaded correctly
[2026-01-30T13:39:31.025Z] [SUCCESS] Chat page layout is visible
[2026-01-30T13:39:31.234Z] [SUCCESS] Chat page opened for expected group: Automation_Group_20260130_190716
[2026-01-30T13:39:32.201Z] [INFO] Announcement banner detected, attempting to close
[2026-01-30T13:39:32.799Z] [SUCCESS] Announcement banner closed successfully
[2026-01-30T13:39:33.373Z] [SUCCESS] Chat action menu opened
[2026-01-30T13:39:33.789Z] [SUCCESS] "Schedule a Session" menu item selected
[2026-01-30T13:39:35.909Z] [SUCCESS] Create Session modal displayed successfully
[2026-01-30T13:39:35.910Z] [SUCCESS] Create Session modal successfully opened for saved group
[2026-01-30T13:39:35.911Z] [SUCCESS] Create Session modal opened successfully
[2026-01-30T13:39:35.911Z] [STEP] Generated session title: Automation_Group_20260130_190935
[2026-01-30T13:39:35.911Z] [STEP] Waiting for Create Session modal to be visible
[2026-01-30T13:39:35.911Z] [STEP] Waiting for Create Session modal
[2026-01-30T13:39:35.997Z] [SUCCESS] Create Session modal visible
[2026-01-30T13:39:35.998Z] [STEP] Filling required fields in Create Session modal
[2026-01-30T13:39:35.998Z] [STEP] Filling Create Session form
[2026-01-30T13:39:35.999Z] [STEP] Setting session date to next day
[2026-01-30T13:39:38.005Z] [INFO] Session date set to 31 January, 2026
[2026-01-30T13:39:39.475Z] [SUCCESS] Required fields filled
[2026-01-30T13:39:39.475Z] [STEP] Submitting Create Session form
[2026-01-30T13:39:39.476Z] [STEP] Submitting session
[2026-01-30T13:39:39.813Z] [STEP] Verifying session creation success indicator
[2026-01-30T13:39:42.048Z] [SUCCESS] Session created successfully with title: Automation_Group_20260130_190935
]]>
</system-out>
</testcase>
</testsuite>
<testsuite name="auth\login.spec.ts" timestamp="2026-01-30T13:35:54.411Z" hostname="before-login" tests="2" failures="0" skipped="0" time="56.549" errors="0">
<testcase name="Login – Single User › Group Host user can login successfully" classname="auth\login.spec.ts" time="39.211">
<properties>
<property name="severity" value="critical">
</property>
</properties>
<system-out>
<![CDATA[[CHAT WIDGET] HIDDEN | Test: Group Host user can login successfully
[2026-01-30T13:36:00.001Z] [STEP] Logging in as Group Host
[2026-01-30T13:36:20.789Z] [SUCCESS] Login successful
]]>
</system-out>
</testcase>
<testcase name="Login – Single User › Invalid Login - Verify error message appears with incorrect credentials › Invalid Login Error" classname="auth\login.spec.ts" time="17.338">
<system-out>
<![CDATA[[CHAT WIDGET] HIDDEN | Test: Invalid Login Error
[2026-01-30T13:36:37.137Z] [STEP] Navigating to Login page
[2026-01-30T13:36:42.316Z] [STEP] Attempting login with invalid credentials: user_ANgNmQ@testmail.com
[2026-01-30T13:36:53.385Z] [STEP] Verifying error message visibility
[2026-01-30T13:36:53.472Z] [SUCCESS] Invalid Login test passed successfully
]]>
</system-out>
</testcase>
</testsuite>
<testsuite name="auth\registration.spec.ts" timestamp="2026-01-30T13:35:54.411Z" hostname="before-login" tests="1" failures="0" skipped="0" time="48.914" errors="0">
<testcase name="Registration Process › Group Host user can Registration successfully" classname="auth\registration.spec.ts" time="48.914">
</testcase>
</testsuite>
<testsuite name="chat\chat-widget.spec.ts" timestamp="2026-01-30T13:35:54.411Z" hostname="before-login" tests="1" failures="0" skipped="0" time="19.301" errors="0">
<testcase name="@chat Chat widget is accessible to user" classname="chat\chat-widget.spec.ts" time="19.301">
<system-out>
<![CDATA[[CHAT WIDGET] ALLOWED | Test: @chat Chat widget is accessible to user
]]>
</system-out>
</testcase>
</testsuite>
<testsuite name="core\app-load.spec.ts" timestamp="2026-01-30T13:35:54.411Z" hostname="before-login" tests="1" failures="0" skipped="0" time="15.38" errors="0">
<testcase name="App Load › Application loads successfully" classname="core\app-load.spec.ts" time="15.38">
<system-out>
<![CDATA[[2026-01-30T13:36:18.633Z] [STEP] Navigating to Login page
[2026-01-30T13:36:23.946Z] [STEP] Verifying "Login" text visibility
[2026-01-30T13:36:25.450Z] [SUCCESS] App Load › Application loads successfully (Login page visible)
]]>
</system-out>
</testcase>
</testsuite>
</testsuites>