<testsuites id="" name="" tests="2" failures="0" skipped="0" errors="0" time="47.959589">
<testsuite name="setup\auth.setup.ts" timestamp="2026-01-31T15:08:16.526Z" hostname="setup" tests="1" failures="0" skipped="0" time="27.32" errors="0">
<testcase name="authenticate group host user" classname="setup\auth.setup.ts" time="27.32">
<system-out>
<![CDATA[[CHAT WIDGET] HIDDEN | Test: authenticate group host user
[2026-01-31T15:08:34.659Z] [SUCCESS] Login successful
]]>
</system-out>
</testcase>
</testsuite>
<testsuite name="group\group-membership-setup.spec.ts" timestamp="2026-01-31T15:08:16.526Z" hostname="e2e" tests="1" failures="0" skipped="0" time="15.53" errors="0">
<testcase name="Host configures group membership settings @regression @membership" classname="group\group-membership-setup.spec.ts" time="15.53">
<system-out>
<![CDATA[[CHAT WIDGET] HIDDEN | Test: Host configures group membership settings @regression @membership
[2026-01-31T15:08:49.110Z] [INFO] Starting Group Membership Setup test
[2026-01-31T15:08:49.112Z] [STEP] Opening Profile → Payments page
[2026-01-31T15:08:59.774Z] [SUCCESS] Profile Payments page ready
[2026-01-31T15:08:59.774Z] [STEP] Selecting group: qatestgroup2
[2026-01-31T15:09:02.235Z] [SUCCESS] Group switched successfully to: qatestgroup2
[2026-01-31T15:09:02.236Z] [SUCCESS] Group membership selection completed
]]>
</system-out>
</testcase>
</testsuite>
</testsuites>