<testsuites id="" name="" tests="5" failures="1" skipped="0" errors="0" time="85.65347899999999">
<testsuite name="setup\auth.setup.ts" timestamp="2026-02-01T15:34:45.157Z" hostname="setup" tests="1" failures="0" skipped="0" time="25.443" errors="0">
<testcase name="authenticate group host user" classname="setup\auth.setup.ts" time="25.443">
<system-out>
<![CDATA[[CHAT WIDGET] HIDDEN | Test: authenticate group host user
[2026-02-01T15:35:00.824Z] [SUCCESS] Login successful
]]>
</system-out>
</testcase>
</testsuite>
<testsuite name="group\create-group.spec.ts" timestamp="2026-02-01T15:34:45.157Z" hostname="01-create-group" tests="1" failures="0" skipped="0" time="15.149" errors="0">
<testcase name="Group Creation › Group Host can create a group successfully" classname="group\create-group.spec.ts" time="15.149">
<system-out>
<![CDATA[[CHAT WIDGET] HIDDEN | Test: Group Host can create a group successfully
[2026-02-01T15:35:13.579Z] [INFO] Starting Group Creation test
[2026-02-01T15:35:13.579Z] [STEP] Generated group name: Automation_Group_20260201_210513
[2026-02-01T15:35:13.579Z] [STEP] Navigating to Dashboard
[2026-02-01T15:35:16.617Z] [SUCCESS] Dashboard loaded
[2026-02-01T15:35:16.617Z] [STEP] Clicking "Start Group" from Dashboard
[2026-02-01T15:35:16.618Z] [STEP] Clicking on Start a Group
[2026-02-01T15:35:20.859Z] [SUCCESS] "Start Group" clicked
[2026-02-01T15:35:20.859Z] [STEP] Verifying Create Group page loaded
[2026-02-01T15:35:20.860Z] [ASSERT] Create Group page is loaded
[2026-02-01T15:35:22.857Z] [SUCCESS] Create Group page loaded
[2026-02-01T15:35:22.857Z] [STEP] Entering group details
[2026-02-01T15:35:22.857Z] [STEP] Filling group details
[2026-02-01T15:35:23.393Z] [SUCCESS] Group details entered
[2026-02-01T15:35:23.393Z] [STEP] Selecting random group tag
[2026-02-01T15:35:23.393Z] [STEP] Selecting a random group tag
[2026-02-01T15:35:24.990Z] [SUCCESS] Group tag selected
[2026-02-01T15:35:24.990Z] [STEP] Submitting Create Group form
[2026-02-01T15:35:24.990Z] [STEP] Submitting group creation Preview
[2026-02-01T15:35:25.062Z] [STEP] Confirming group submission
[2026-02-01T15:35:26.055Z] [SUCCESS] Create Group submitted
[2026-02-01T15:35:26.055Z] [STEP] Verifying group creation success message
[2026-02-01T15:35:27.988Z] [SUCCESS] Group created successfully (confirmation visible)
[2026-02-01T15:35:27.988Z] [INFO] Saving group name: Automation_Group_20260201_210513
[2026-02-01T15:35:27.989Z] [SUCCESS] Group name stored for reuse: Automation_Group_20260201_210513
[2026-02-01T15:35:27.989Z] [INFO] Group Creation test completed successfully
]]>
</system-out>
</testcase>
</testsuite>
<testsuite name="group\group-activation-payment.spec.ts" timestamp="2026-02-01T15:34:45.157Z" hostname="02-group-activation" tests="1" failures="0" skipped="0" time="24.316" errors="0">
<testcase name="Host activates group by completing platform payment @activation" classname="group\group-activation-payment.spec.ts" time="24.316">
<system-out>
<![CDATA[[CHAT WIDGET] HIDDEN | Test: Host activates group by completing platform payment @activation
[2026-02-01T15:35:30.326Z] [INFO] TEST STARTED: Host group activation via platform payment
[2026-02-01T15:35:30.327Z] [STEP] Target group for activation: Automation_Group_20260201_210513
[2026-02-01T15:35:30.328Z] [STEP] Opening inactive group and redirecting to payment flow
[2026-02-01T15:35:30.328Z] [STEP] Navigating to My Groups page
[2026-02-01T15:35:33.273Z] [STEP] Waiting for group cards to render
[2026-02-01T15:35:38.325Z] [STEP] Priority scan initiated for group: Automation_Group_20260201_210513
[2026-02-01T15:35:40.901Z] [SUCCESS] Priority group found: Automation_Group_20260201_210513

1 Member

Activate your group
[2026-02-01T15:35:40.920Z] [SUCCESS] Priority group is inactive, opening activation flow
[2026-02-01T15:35:41.722Z] [SUCCESS] Activation or payment page detected for priority group
[2026-02-01T15:35:41.723Z] [SUCCESS] Redirected to payment page for group: Automation_Group_20260201_210513

1 Member

Activate your group
[2026-02-01T15:35:41.723Z] [STEP] Waiting for activation payment page to load
[2026-02-01T15:35:41.723Z] [STEP] Waiting for Stripe payment iframe to become interactive
[2026-02-01T15:35:48.941Z] [SUCCESS] Stripe payment iframe and card inputs are ready
[2026-02-01T15:35:48.942Z] [STEP] Entering platform payment details
[2026-02-01T15:35:48.942Z] [STEP] Entering Stripe test card details
[2026-02-01T15:35:48.942Z] [STEP] Entering card number
[2026-02-01T15:35:50.360Z] [STEP] Entering expiry date
[2026-02-01T15:35:50.729Z] [STEP] Entering CVC
[2026-02-01T15:35:51.218Z] [SUCCESS] Stripe payment details entered successfully
[2026-02-01T15:35:51.218Z] [STEP] Submitting group activation payment
[2026-02-01T15:35:51.245Z] [STEP] Clicking Pay and Activate Group button
[2026-02-01T15:35:53.764Z] [SUCCESS] Payment success message verified
[2026-02-01T15:35:53.765Z] [SUCCESS] TEST COMPLETED: Group activated successfully via platform payment
]]>
</system-out>
</testcase>
</testsuite>
<testsuite name="group\group-membership-setup.spec.ts" timestamp="2026-02-01T15:34:45.157Z" hostname="03-group-membership" tests="1" failures="0" skipped="0" time="10.626" errors="0">
<testcase name="Host configures group payment type for member access" classname="group\group-membership-setup.spec.ts" time="10.626">
<system-out>
<![CDATA[[CHAT WIDGET] HIDDEN | Test: Host configures group payment type for member access
[2026-02-01T15:35:56.457Z] [INFO] Starting Group Membership Setup test
[2026-02-01T15:35:56.459Z] [STEP] Opening Profile → Payments page
[2026-02-01T15:36:03.652Z] [SUCCESS] Profile Payments page ready
[2026-02-01T15:36:03.653Z] [STEP] Target group for configures member access: Automation_Group_20260201_210513
[2026-02-01T15:36:03.653Z] [STEP] Selecting group: Automation_Group_20260201_210513
[2026-02-01T15:36:03.941Z] [STEP] Selecting group from Chakra virtualized menu
[2026-02-01T15:36:04.645Z] [SUCCESS] Group switched successfully to: Automation_Group_20260201_210513
[2026-02-01T15:36:04.646Z] [STEP] Preparing to configure payment settings
[2026-02-01T15:36:04.662Z] [STEP] Waiting for payment section
[2026-02-01T15:36:04.685Z] [STEP] Selecting FREE payment type
[2026-02-01T15:36:04.753Z] [STEP] Saving payment settings
[2026-02-01T15:36:06.168Z] [SUCCESS] Payment type saved successfully
[2026-02-01T15:36:06.168Z] [SUCCESS] Group membership selection completed
]]>
</system-out>
</testcase>
</testsuite>
<testsuite name="session\create-session.spec.ts" timestamp="2026-02-01T15:34:45.157Z" hostname="04-create-session" tests="1" failures="1" skipped="0" time="2.033" errors="0">
<testcase name="Create Session › Host creates a session successfully" classname="session\create-session.spec.ts" time="2.033">
<failure message="create-session.spec.ts:9:7 Host creates a session successfully" type="FAILURE">
<![CDATA[  [04-create-session] › session\create-session.spec.ts:9:7 › Create Session › Host creates a session successfully @regression 

    Error: page.goto: Target page, context or browser has been closed
    Call log:
      - navigating to "https://staging.mentalhappy.com/groups", waiting until "load"


      17 |       // ---------------------------------------------------------
      18 |       Logger.step('Navigating to Dashboard');
    > 19 |       await page.goto(URLS.DASHBOARD);
         |                  ^
      20 |       Logger.success('Dashboard loaded');
      21 |
      22 |       // ---------------------------------------------------------
        at D:\Git\mentalhappy-playwright\tests\session\create-session.spec.ts:19:18

    attachment #5: video (video/webm) ──────────────────────────────────────────────────────────────
    ..\test-results\session-create-session-Cre-a1fe7-ates-a-session-successfully-04-create-session\video.webm
    ────────────────────────────────────────────────────────────────────────────────────────────────

    attachment #6: trace (application/zip) ─────────────────────────────────────────────────────────
    ..\test-results\session-create-session-Cre-a1fe7-ates-a-session-successfully-04-create-session\trace.zip
    Usage:

        npx playwright show-trace ..\test-results\session-create-session-Cre-a1fe7-ates-a-session-successfully-04-create-session\trace.zip

    ────────────────────────────────────────────────────────────────────────────────────────────────
]]>
</failure>
<system-out>
<![CDATA[[CHAT WIDGET] HIDDEN | Test: Host creates a session successfully
[2026-02-01T15:36:08.754Z] [INFO] Starting Create Session test
[2026-02-01T15:36:08.754Z] [STEP] Navigating to Dashboard

[[ATTACHMENT|..\test-results\session-create-session-Cre-a1fe7-ates-a-session-successfully-04-create-session\video.webm]]

[[ATTACHMENT|..\test-results\session-create-session-Cre-a1fe7-ates-a-session-successfully-04-create-session\trace.zip]]
]]>
</system-out>
</testcase>
</testsuite>
</testsuites>