<testsuites id="" name="" tests="5" failures="0" skipped="5" errors="0" time="14.515984">
<testsuite name="setup\auth.setup.ts" timestamp="2026-02-02T13:50:36.685Z" hostname="setup" tests="1" failures="0" skipped="1" time="11.146" errors="0">
<testcase name="authenticate group host user" classname="setup\auth.setup.ts" time="11.146">
<skipped>
</skipped>
</testcase>
</testsuite>
<testsuite name="group\create-group.spec.ts" timestamp="2026-02-02T13:50:36.685Z" hostname="01-create-group" tests="1" failures="0" skipped="1" time="0" errors="0">
<testcase name="Group Creation › Group Host can create a group successfully" classname="group\create-group.spec.ts" time="0">
<skipped>
</skipped>
</testcase>
</testsuite>
<testsuite name="group\group-activation-payment.spec.ts" timestamp="2026-02-02T13:50:36.685Z" hostname="02-group-activation" tests="1" failures="0" skipped="1" time="0" errors="0">
<testcase name="Host activates group by completing platform payment @activation" classname="group\group-activation-payment.spec.ts" time="0">
<skipped>
</skipped>
</testcase>
</testsuite>
<testsuite name="group\group-membership-setup.spec.ts" timestamp="2026-02-02T13:50:36.685Z" hostname="03-group-membership" tests="1" failures="0" skipped="1" time="0" errors="0">
<testcase name="Host configures group payment type for member access" classname="group\group-membership-setup.spec.ts" time="0">
<skipped>
</skipped>
</testcase>
</testsuite>
<testsuite name="session\create-session.spec.ts" timestamp="2026-02-02T13:50:36.685Z" hostname="04-create-session" tests="1" failures="0" skipped="1" time="0" errors="0">
<testcase name="Create Session › Host creates a session successfully" classname="session\create-session.spec.ts" time="0">
<skipped>
</skipped>
</testcase>
</testsuite>
</testsuites>