<testsuites id="" name="" tests="2" failures="0" skipped="0" errors="0" time="70.88930400000001">
<testsuite name="setup\auth.setup.ts" timestamp="2026-01-26T17:38:10.142Z" hostname="prepare-auth" tests="1" failures="0" skipped="0" time="23.295" errors="0">
<testcase name="authenticate group host user" classname="setup\auth.setup.ts" time="23.295">
<system-out>
<![CDATA[[CHAT WIDGET] HIDDEN | Test: authenticate group host user
[2026-01-26T17:38:24.343Z] [SUCCESS] Login successful
]]>
</system-out>
</testcase>
</testsuite>
<testsuite name="group\create-group.spec.ts" timestamp="2026-01-26T17:38:10.142Z" hostname="create-group" tests="1" failures="0" skipped="0" time="39.016" errors="0">
<testcase name="Group Creation › Group Host can create a group successfully" classname="group\create-group.spec.ts" time="39.016">
<system-out>
<![CDATA[[CHAT WIDGET] HIDDEN | Test: Group Host can create a group successfully
[2026-01-26T17:38:42.250Z] [INFO] Starting Group Creation test
[2026-01-26T17:38:45.577Z] [STEP] Clicking on Start a Group
[2026-01-26T17:38:50.596Z] [ASSERT] Create Group page is loaded
[2026-01-26T17:38:53.473Z] [STEP] Filling group details
[2026-01-26T17:38:54.591Z] [STEP] Test Group 1769449122252:- group name is Created
[2026-01-26T17:38:54.592Z] [STEP] Selecting a random group tag
[2026-01-26T17:38:57.072Z] [STEP] Submitting group creation Preview
[2026-01-26T17:38:57.171Z] [STEP] Confirming group submission
[2026-01-26T17:38:57.813Z] [STEP] Checking if onboarding screen is present
[2026-01-26T17:39:07.983Z] [INFO] Onboarding not shown — continuing flow
[2026-01-26T17:39:18.158Z] [STEP] Checking activated group via URL ref (if present)
[2026-01-26T17:39:18.160Z] [INFO] Saving group name: Test Group 1769449122252
[2026-01-26T17:39:18.163Z] [SUCCESS] Group created successfully
]]>
</system-out>
<system-err>
<![CDATA[[2026-01-26T17:39:18.159Z] [WARN] URL ref parameter not present — skipping ref assertion
]]>
</system-err>
</testcase>
</testsuite>
</testsuites>