<testsuites id="" name="" tests="1" failures="1" skipped="0" errors="0" time="46.189491">
<testsuite name="auth\login.spec.ts" timestamp="2026-01-30T10:46:39.675Z" hostname="before-login" tests="1" failures="1" skipped="0" time="40.236" errors="0">
<testcase name="Login – Single User › Auth - Invalid Login › Invalid Login Error: Verify error message appears with incorrect credentials" classname="auth\login.spec.ts" time="40.236">
<failure message="login.spec.ts:33:9 Invalid Login Error: Verify error message appears with incorrect credentials" type="FAILURE">
<![CDATA[  [before-login] › auth\login.spec.ts:33:9 › Login – Single User › Auth - Invalid Login › Invalid Login Error: Verify error message appears with incorrect credentials @auth @security @negative 

    Error: Invalid login error message should be visible

    expect(locator).toBeVisible() failed

    Locator: getByText('The username/email or password you\'ve entered is incorrect.', { exact: true })
    Expected: visible
    Timeout: 5000ms
    Error: element(s) not found

    Call log:
      - Invalid login error message should be visible with timeout 5000ms
      - waiting for getByText('The username/email or password you\'ve entered is incorrect.', { exact: true })


       at ..\src\pages\base\BasePage.ts:148

      146 |    */
      147 |   async expectVisible(locator: Locator, message?: string) {
    > 148 |     await expect(locator, message).toBeVisible();
          |                                    ^
      149 |   }
      150 | }
      151 |
        at LoginPage.expectVisible (D:\Git\mentalhappy-playwright\src\pages\base\BasePage.ts:148:36)
        at LoginPage.verifyInvalidLoginError (D:\Git\mentalhappy-playwright\src\pages\auth\LoginPage.ts:31:16)
        at D:\Git\mentalhappy-playwright\tests\auth\login.spec.ts:52:29

    attachment #5: screenshot (image/png) ──────────────────────────────────────────────────────────
    ..\test-results\auth-login-Login-–-Single--3aba7--with-incorrect-credentials-before-login\test-failed-1.png
    ────────────────────────────────────────────────────────────────────────────────────────────────

    attachment #6: video (video/webm) ──────────────────────────────────────────────────────────────
    ..\test-results\auth-login-Login-–-Single--3aba7--with-incorrect-credentials-before-login\video.webm
    ────────────────────────────────────────────────────────────────────────────────────────────────

    Error Context: ..\test-results\auth-login-Login-–-Single--3aba7--with-incorrect-credentials-before-login\error-context.md

    attachment #8: trace (application/zip) ─────────────────────────────────────────────────────────
    ..\test-results\auth-login-Login-–-Single--3aba7--with-incorrect-credentials-before-login\trace.zip
    Usage:

        npx playwright show-trace ..\test-results\auth-login-Login-–-Single--3aba7--with-incorrect-credentials-before-login\trace.zip

    ────────────────────────────────────────────────────────────────────────────────────────────────

    Retry #1 ───────────────────────────────────────────────────────────────────────────────────────

    Error: Invalid login error message should be visible

    expect(locator).toBeVisible() failed

    Locator: getByText('The username/email or password you\'ve entered is incorrect.', { exact: true })
    Expected: visible
    Timeout: 5000ms
    Error: element(s) not found

    Call log:
      - Invalid login error message should be visible with timeout 5000ms
      - waiting for getByText('The username/email or password you\'ve entered is incorrect.', { exact: true })


       at ..\src\pages\base\BasePage.ts:148

      146 |    */
      147 |   async expectVisible(locator: Locator, message?: string) {
    > 148 |     await expect(locator, message).toBeVisible();
          |                                    ^
      149 |   }
      150 | }
      151 |
        at LoginPage.expectVisible (D:\Git\mentalhappy-playwright\src\pages\base\BasePage.ts:148:36)
        at LoginPage.verifyInvalidLoginError (D:\Git\mentalhappy-playwright\src\pages\auth\LoginPage.ts:31:16)
        at D:\Git\mentalhappy-playwright\tests\auth\login.spec.ts:52:29

    attachment #5: screenshot (image/png) ──────────────────────────────────────────────────────────
    ..\test-results\auth-login-Login-–-Single--3aba7--with-incorrect-credentials-before-login-retry1\test-failed-1.png
    ────────────────────────────────────────────────────────────────────────────────────────────────

    attachment #6: video (video/webm) ──────────────────────────────────────────────────────────────
    ..\test-results\auth-login-Login-–-Single--3aba7--with-incorrect-credentials-before-login-retry1\video.webm
    ────────────────────────────────────────────────────────────────────────────────────────────────

    Error Context: ..\test-results\auth-login-Login-–-Single--3aba7--with-incorrect-credentials-before-login-retry1\error-context.md

    attachment #8: trace (application/zip) ─────────────────────────────────────────────────────────
    ..\test-results\auth-login-Login-–-Single--3aba7--with-incorrect-credentials-before-login-retry1\trace.zip
    Usage:

        npx playwright show-trace ..\test-results\auth-login-Login-–-Single--3aba7--with-incorrect-credentials-before-login-retry1\trace.zip

    ────────────────────────────────────────────────────────────────────────────────────────────────

    Retry #2 ───────────────────────────────────────────────────────────────────────────────────────

    Error: Invalid login error message should be visible

    expect(locator).toBeVisible() failed

    Locator: getByText('The username/email or password you\'ve entered is incorrect.', { exact: true })
    Expected: visible
    Timeout: 5000ms
    Error: element(s) not found

    Call log:
      - Invalid login error message should be visible with timeout 5000ms
      - waiting for getByText('The username/email or password you\'ve entered is incorrect.', { exact: true })
        - waiting for" https://staging.mentalhappy.com/login?returnUrl=https%3A%2F%2Fstaging.mentalhappy.com%2Fgroups&auth_error=1" navigation to finish...
        - navigated to "https://staging.mentalhappy.com/login?returnUrl=https%3A%2F%2Fstaging.mentalhappy.com%2Fgroups&auth_error=1"


       at ..\src\pages\base\BasePage.ts:148

      146 |    */
      147 |   async expectVisible(locator: Locator, message?: string) {
    > 148 |     await expect(locator, message).toBeVisible();
          |                                    ^
      149 |   }
      150 | }
      151 |
        at LoginPage.expectVisible (D:\Git\mentalhappy-playwright\src\pages\base\BasePage.ts:148:36)
        at LoginPage.verifyInvalidLoginError (D:\Git\mentalhappy-playwright\src\pages\auth\LoginPage.ts:31:16)
        at D:\Git\mentalhappy-playwright\tests\auth\login.spec.ts:52:29

    attachment #5: screenshot (image/png) ──────────────────────────────────────────────────────────
    ..\test-results\auth-login-Login-–-Single--3aba7--with-incorrect-credentials-before-login-retry2\test-failed-1.png
    ────────────────────────────────────────────────────────────────────────────────────────────────

    attachment #6: video (video/webm) ──────────────────────────────────────────────────────────────
    ..\test-results\auth-login-Login-–-Single--3aba7--with-incorrect-credentials-before-login-retry2\video.webm
    ────────────────────────────────────────────────────────────────────────────────────────────────

    Error Context: ..\test-results\auth-login-Login-–-Single--3aba7--with-incorrect-credentials-before-login-retry2\error-context.md

    attachment #8: trace (application/zip) ─────────────────────────────────────────────────────────
    ..\test-results\auth-login-Login-–-Single--3aba7--with-incorrect-credentials-before-login-retry2\trace.zip
    Usage:

        npx playwright show-trace ..\test-results\auth-login-Login-–-Single--3aba7--with-incorrect-credentials-before-login-retry2\trace.zip

    ────────────────────────────────────────────────────────────────────────────────────────────────
]]>
</failure>
<system-out>
<![CDATA[[CHAT WIDGET] HIDDEN | Test: Invalid Login Error: Verify error message appears with incorrect credentials
[2026-01-30T10:46:41.401Z] [STEP] Navigating to Login page
[2026-01-30T10:46:48.815Z] [STEP] Attempting login with invalid credentials: user_lsvoZP@testmail.com
[2026-01-30T10:46:50.329Z] [STEP] Verifying error message visibility

[[ATTACHMENT|..\test-results\auth-login-Login-–-Single--3aba7--with-incorrect-credentials-before-login\test-failed-1.png]]

[[ATTACHMENT|..\test-results\auth-login-Login-–-Single--3aba7--with-incorrect-credentials-before-login\video.webm]]

[[ATTACHMENT|..\test-results\auth-login-Login-–-Single--3aba7--with-incorrect-credentials-before-login\error-context.md]]

[[ATTACHMENT|..\test-results\auth-login-Login-–-Single--3aba7--with-incorrect-credentials-before-login\trace.zip]]
[CHAT WIDGET] HIDDEN | Test: Invalid Login Error: Verify error message appears with incorrect credentials
[2026-01-30T10:46:58.111Z] [STEP] Navigating to Login page
[2026-01-30T10:47:03.373Z] [STEP] Attempting login with invalid credentials: user_MuHkmY@testmail.com
[2026-01-30T10:47:04.855Z] [STEP] Verifying error message visibility

[[ATTACHMENT|..\test-results\auth-login-Login-–-Single--3aba7--with-incorrect-credentials-before-login-retry1\test-failed-1.png]]

[[ATTACHMENT|..\test-results\auth-login-Login-–-Single--3aba7--with-incorrect-credentials-before-login-retry1\video.webm]]

[[ATTACHMENT|..\test-results\auth-login-Login-–-Single--3aba7--with-incorrect-credentials-before-login-retry1\error-context.md]]

[[ATTACHMENT|..\test-results\auth-login-Login-–-Single--3aba7--with-incorrect-credentials-before-login-retry1\trace.zip]]
[CHAT WIDGET] HIDDEN | Test: Invalid Login Error: Verify error message appears with incorrect credentials
[2026-01-30T10:47:12.815Z] [STEP] Navigating to Login page
[2026-01-30T10:47:18.037Z] [STEP] Attempting login with invalid credentials: user_GHnalm@testmail.com
[2026-01-30T10:47:19.594Z] [STEP] Verifying error message visibility

[[ATTACHMENT|..\test-results\auth-login-Login-–-Single--3aba7--with-incorrect-credentials-before-login-retry2\test-failed-1.png]]

[[ATTACHMENT|..\test-results\auth-login-Login-–-Single--3aba7--with-incorrect-credentials-before-login-retry2\video.webm]]

[[ATTACHMENT|..\test-results\auth-login-Login-–-Single--3aba7--with-incorrect-credentials-before-login-retry2\error-context.md]]

[[ATTACHMENT|..\test-results\auth-login-Login-–-Single--3aba7--with-incorrect-credentials-before-login-retry2\trace.zip]]
]]>
</system-out>
</testcase>
</testsuite>
</testsuites>