<testsuites id="" name="" tests="5" failures="1" skipped="1" errors="0" time="94.04969399999999">
<testsuite name="setup\auth.setup.ts" timestamp="2026-02-01T17:39:43.274Z" hostname="setup" tests="1" failures="0" skipped="0" time="28.449" errors="0">
<testcase name="authenticate group host user" classname="setup\auth.setup.ts" time="28.449">
<system-out>
<![CDATA[[CHAT WIDGET] HIDDEN | Test: authenticate group host user
[2026-02-01T17:40:02.108Z] [SUCCESS] Login successful
]]>
</system-out>
</testcase>
</testsuite>
<testsuite name="group\create-group.spec.ts" timestamp="2026-02-01T17:39:43.274Z" hostname="01-create-group" tests="1" failures="0" skipped="0" time="18.033" errors="0">
<testcase name="Group Creation › Group Host can create a group successfully" classname="group\create-group.spec.ts" time="18.033">
<system-out>
<![CDATA[[CHAT WIDGET] HIDDEN | Test: Group Host can create a group successfully
[2026-02-01T17:40:16.965Z] [INFO] Starting Group Creation test
[2026-02-01T17:40:16.966Z] [STEP] Generated group name: Automation_Group_20260201_231016
[2026-02-01T17:40:16.966Z] [STEP] Navigating to Dashboard
[2026-02-01T17:40:20.752Z] [SUCCESS] Dashboard loaded
[2026-02-01T17:40:20.752Z] [STEP] Clicking "Start Group" from Dashboard
[2026-02-01T17:40:20.755Z] [STEP] Clicking on Start a Group
[2026-02-01T17:40:25.196Z] [SUCCESS] "Start Group" clicked
[2026-02-01T17:40:25.197Z] [STEP] Verifying Create Group page loaded
[2026-02-01T17:40:25.199Z] [ASSERT] Create Group page is loaded
[2026-02-01T17:40:27.593Z] [SUCCESS] Create Group page loaded
[2026-02-01T17:40:27.593Z] [STEP] Entering group details
[2026-02-01T17:40:27.593Z] [STEP] Filling group details
[2026-02-01T17:40:28.564Z] [SUCCESS] Group details entered
[2026-02-01T17:40:28.564Z] [STEP] Selecting random group tag
[2026-02-01T17:40:28.565Z] [STEP] Selecting a random group tag
[2026-02-01T17:40:30.826Z] [SUCCESS] Group tag selected
[2026-02-01T17:40:30.826Z] [STEP] Submitting Create Group form
[2026-02-01T17:40:30.826Z] [STEP] Submitting group creation Preview
[2026-02-01T17:40:30.917Z] [STEP] Confirming group submission
[2026-02-01T17:40:31.623Z] [SUCCESS] Create Group submitted
[2026-02-01T17:40:31.623Z] [STEP] Verifying group creation success message
[2026-02-01T17:40:33.652Z] [SUCCESS] Group created successfully (confirmation visible)
[2026-02-01T17:40:33.652Z] [INFO] Saving group name: Automation_Group_20260201_231016
[2026-02-01T17:40:33.654Z] [SUCCESS] Group name stored for reuse: Automation_Group_20260201_231016
[2026-02-01T17:40:33.654Z] [INFO] Group Creation test completed successfully
]]>
</system-out>
</testcase>
</testsuite>
<testsuite name="group\group-activation-payment.spec.ts" timestamp="2026-02-01T17:39:43.274Z" hostname="02-group-activation" tests="1" failures="0" skipped="0" time="34.155" errors="0">
<testcase name="Host activates group by completing platform payment @activation" classname="group\group-activation-payment.spec.ts" time="34.155">
<system-out>
<![CDATA[[CHAT WIDGET] HIDDEN | Test: Host activates group by completing platform payment @activation
[2026-02-01T17:40:37.867Z] [INFO] TEST STARTED: Host group activation via platform payment
[2026-02-01T17:40:37.870Z] [STEP] Target group for activation: Automation_Group_20260201_231016
[2026-02-01T17:40:37.870Z] [STEP] Opening inactive group and redirecting to payment flow
[2026-02-01T17:40:37.871Z] [STEP] Navigating to My Groups page
[2026-02-01T17:40:41.585Z] [STEP] Waiting for group cards to render
[2026-02-01T17:40:47.744Z] [STEP] Priority scan initiated for group: Automation_Group_20260201_231016
[2026-02-01T17:40:52.482Z] [SUCCESS] Priority group found: Automation_Group_20260201_231016

1 Member

Activate your group
[2026-02-01T17:40:52.509Z] [SUCCESS] Priority group is inactive, opening activation flow
[2026-02-01T17:40:53.340Z] [SUCCESS] Activation or payment page detected for priority group
[2026-02-01T17:40:53.341Z] [SUCCESS] Redirected to payment page for group: Automation_Group_20260201_231016

1 Member

Activate your group
[2026-02-01T17:40:53.341Z] [STEP] Waiting for activation payment page to load
[2026-02-01T17:40:53.341Z] [STEP] Waiting for Stripe full form
[2026-02-01T17:41:02.301Z] [SUCCESS] Stripe form ready
[2026-02-01T17:41:02.301Z] [STEP] Entering platform payment details
[2026-02-01T17:41:02.302Z] [STEP] Filling Stripe full payment form
[2026-02-01T17:41:02.302Z] [STEP] Selecting country
[2026-02-01T17:41:06.644Z] [SUCCESS] Stripe form filled
[2026-02-01T17:41:06.644Z] [STEP] Submitting platform activation payment
[2026-02-01T17:41:06.645Z] [STEP] Submitting payment
[2026-02-01T17:41:10.364Z] [SUCCESS] Payment success confirmed
[2026-02-01T17:41:10.364Z] [SUCCESS] TEST COMPLETED: Group activated successfully via platform payment
]]>
</system-out>
</testcase>
</testsuite>
<testsuite name="group\group-membership-setup.spec.ts" timestamp="2026-02-01T17:39:43.274Z" hostname="03-group-membership" tests="1" failures="1" skipped="0" time="2.591" errors="0">
<testcase name="Host configures group payment type for member access" classname="group\group-membership-setup.spec.ts" time="2.591">
<failure message="group-membership-setup.spec.ts:6:5 Host configures group payment type for member access" type="FAILURE">
<![CDATA[  [03-group-membership] › group\group-membership-setup.spec.ts:6:5 › Host configures group payment type for member access 

    Error: page.goto: Target page, context or browser has been closed
    Call log:
      - navigating to "https://staging.mentalhappy.com/user/profile/payments", waiting until "domcontentloaded"


       at ..\src\pages\profile\ProfilePaymentPage.ts:42

      40 |     Logger.step('Opening Profile → Payments page');
      41 |
    > 42 |     await this.page.goto('/user/profile/payments', {
         |                     ^
      43 |       waitUntil: 'domcontentloaded',
      44 |       timeout: 60_000,
      45 |     });
        at ProfilePaymentPage.openProfilePaymentPage (D:\Git\mentalhappy-playwright\src\pages\profile\ProfilePaymentPage.ts:42:21)
        at D:\Git\mentalhappy-playwright\tests\group\group-membership-setup.spec.ts:13:34

    attachment #5: video (video/webm) ──────────────────────────────────────────────────────────────
    ..\test-results\group-group-membership-set-7a8b5-ment-type-for-member-access-03-group-membership\video.webm
    ────────────────────────────────────────────────────────────────────────────────────────────────

    attachment #6: trace (application/zip) ─────────────────────────────────────────────────────────
    ..\test-results\group-group-membership-set-7a8b5-ment-type-for-member-access-03-group-membership\trace.zip
    Usage:

        npx playwright show-trace ..\test-results\group-group-membership-set-7a8b5-ment-type-for-member-access-03-group-membership\trace.zip

    ────────────────────────────────────────────────────────────────────────────────────────────────
]]>
</failure>
<system-out>
<![CDATA[[CHAT WIDGET] HIDDEN | Test: Host configures group payment type for member access
[2026-02-01T17:41:14.837Z] [INFO] Starting Group Membership Setup test
[2026-02-01T17:41:14.840Z] [STEP] Opening Profile → Payments page

[[ATTACHMENT|..\test-results\group-group-membership-set-7a8b5-ment-type-for-member-access-03-group-membership\video.webm]]

[[ATTACHMENT|..\test-results\group-group-membership-set-7a8b5-ment-type-for-member-access-03-group-membership\trace.zip]]
]]>
</system-out>
</testcase>
</testsuite>
<testsuite name="session\create-session.spec.ts" timestamp="2026-02-01T17:39:43.274Z" hostname="04-create-session" tests="1" failures="0" skipped="1" time="0" errors="0">
<testcase name="Create Session › Host creates a session successfully" classname="session\create-session.spec.ts" time="0">
<skipped>
</skipped>
</testcase>
</testsuite>
</testsuites>