<testsuites id="" name="" tests="5" failures="1" skipped="2" errors="0" time="65.86993700000001">
<testsuite name="setup\auth.setup.ts" timestamp="2026-02-01T10:15:25.754Z" hostname="setup" tests="1" failures="0" skipped="0" time="26.038" errors="0">
<testcase name="authenticate group host user" classname="setup\auth.setup.ts" time="26.038">
<system-out>
<![CDATA[[CHAT WIDGET] HIDDEN | Test: authenticate group host user
[2026-02-01T10:15:41.916Z] [SUCCESS] Login successful
]]>
</system-out>
</testcase>
</testsuite>
<testsuite name="group\create-group.spec.ts" timestamp="2026-02-01T10:15:25.754Z" hostname="01-create-group" tests="1" failures="0" skipped="0" time="14.871" errors="0">
<testcase name="Group Creation › Group Host can create a group successfully" classname="group\create-group.spec.ts" time="14.871">
<system-out>
<![CDATA[[CHAT WIDGET] HIDDEN | Test: Group Host can create a group successfully
[2026-02-01T10:15:54.967Z] [INFO] Starting Group Creation test
[2026-02-01T10:15:54.967Z] [STEP] Generated group name: Automation_Group_20260201_154554
[2026-02-01T10:15:54.967Z] [STEP] Navigating to Dashboard
[2026-02-01T10:15:58.442Z] [SUCCESS] Dashboard loaded
[2026-02-01T10:15:58.442Z] [STEP] Clicking "Start Group" from Dashboard
[2026-02-01T10:15:58.443Z] [STEP] Clicking on Start a Group
[2026-02-01T10:16:02.121Z] [SUCCESS] "Start Group" clicked
[2026-02-01T10:16:02.121Z] [STEP] Verifying Create Group page loaded
[2026-02-01T10:16:02.122Z] [ASSERT] Create Group page is loaded
[2026-02-01T10:16:04.054Z] [SUCCESS] Create Group page loaded
[2026-02-01T10:16:04.054Z] [STEP] Entering group details
[2026-02-01T10:16:04.054Z] [STEP] Filling group details
[2026-02-01T10:16:04.511Z] [SUCCESS] Group details entered
[2026-02-01T10:16:04.511Z] [STEP] Selecting random group tag
[2026-02-01T10:16:04.511Z] [STEP] Selecting a random group tag
[2026-02-01T10:16:06.077Z] [SUCCESS] Group tag selected
[2026-02-01T10:16:06.077Z] [STEP] Submitting Create Group form
[2026-02-01T10:16:06.078Z] [STEP] Submitting group creation Preview
[2026-02-01T10:16:06.151Z] [STEP] Confirming group submission
[2026-02-01T10:16:07.146Z] [SUCCESS] Create Group submitted
[2026-02-01T10:16:07.146Z] [STEP] Verifying group creation success message
[2026-02-01T10:16:09.097Z] [SUCCESS] Group created successfully (confirmation visible)
[2026-02-01T10:16:09.097Z] [INFO] Saving group name: Automation_Group_20260201_154554
[2026-02-01T10:16:09.098Z] [SUCCESS] Group name stored for reuse: Automation_Group_20260201_154554
[2026-02-01T10:16:09.098Z] [INFO] Group Creation test completed successfully
]]>
</system-out>
</testcase>
</testsuite>
<testsuite name="group\group-activation-payment.spec.ts" timestamp="2026-02-01T10:15:25.754Z" hostname="02-group-activation" tests="1" failures="1" skipped="0" time="19.664" errors="0">
<testcase name="Host activates group by completing platform payment @activation" classname="group\group-activation-payment.spec.ts" time="19.664">
<failure message="group-activation-payment.spec.ts:7:5 Host activates group by completing platform payment @activation" type="FAILURE">
<![CDATA[  [02-group-activation] › group\group-activation-payment.spec.ts:7:5 › Host activates group by completing platform payment @activation 

    Error: expect(locator).toBeVisible() failed

    Locator: getByText(/group activated|payment|successful/i)
    Expected: visible
    Error: strict mode violation: getByText(/group activated|payment|successful/i) resolved to 2 elements:
        1) <p class="chakra-text css-6qd5i2">• Accept payments directly from your members</p> aka getByText('• Accept payments directly')
        2) <p class="chakra-text css-wefj69">Please review the information below and confirm y…</p> aka getByText('Please review the information')

    Call log:
      - Expect "toBeVisible" with timeout 30000ms
      - waiting for getByText(/group activated|payment|successful/i)


       at ..\src\pages\payment\GroupActivationPaymentPage.ts:100

       98 |     await expect(
       99 |       this.page.getByText(/group activated|payment|successful/i)
    > 100 |     ).toBeVisible({ timeout: 30_000 });
          |       ^
      101 |
      102 |     Logger.success('Payment submitted and group activation confirmed');
      103 |   }
        at GroupActivationPaymentPage.submitPayment (D:\Git\mentalhappy-playwright\src\pages\payment\GroupActivationPaymentPage.ts:100:7)
        at D:\Git\mentalhappy-playwright\tests\group\group-activation-payment.spec.ts:38:3

    attachment #5: screenshot (image/png) ──────────────────────────────────────────────────────────
    ..\test-results\group-group-activation-pay-10cf7-platform-payment-activation-02-group-activation\test-failed-1.png
    ────────────────────────────────────────────────────────────────────────────────────────────────

    attachment #6: video (video/webm) ──────────────────────────────────────────────────────────────
    ..\test-results\group-group-activation-pay-10cf7-platform-payment-activation-02-group-activation\video.webm
    ────────────────────────────────────────────────────────────────────────────────────────────────

    Error Context: ..\test-results\group-group-activation-pay-10cf7-platform-payment-activation-02-group-activation\error-context.md

    attachment #8: trace (application/zip) ─────────────────────────────────────────────────────────
    ..\test-results\group-group-activation-pay-10cf7-platform-payment-activation-02-group-activation\trace.zip
    Usage:

        npx playwright show-trace ..\test-results\group-group-activation-pay-10cf7-platform-payment-activation-02-group-activation\trace.zip

    ────────────────────────────────────────────────────────────────────────────────────────────────
]]>
</failure>
<system-out>
<![CDATA[[CHAT WIDGET] HIDDEN | Test: Host activates group by completing platform payment @activation
[2026-02-01T10:16:11.468Z] [INFO] TEST STARTED: Host group activation via platform payment
[2026-02-01T10:16:11.469Z] [STEP] Target group for activation: Automation_Group_20260201_154554
[2026-02-01T10:16:11.469Z] [STEP] Opening inactive group and redirecting to payment flow
[2026-02-01T10:16:11.470Z] [STEP] Navigating to My Groups page
[2026-02-01T10:16:14.948Z] [STEP] Waiting for group cards to render
[2026-02-01T10:16:18.998Z] [STEP] Priority scan initiated for group: Automation_Group_20260201_154554
[2026-02-01T10:16:19.688Z] [SUCCESS] Priority group found: Automation_Group_20260201_154554

1 Member

Activate your group
[2026-02-01T10:16:19.715Z] [SUCCESS] Priority group is inactive, opening activation flow
[2026-02-01T10:16:20.671Z] [SUCCESS] Activation or payment page detected for priority group
[2026-02-01T10:16:20.671Z] [SUCCESS] Redirected to payment page for group: Automation_Group_20260201_154554

1 Member

Activate your group
[2026-02-01T10:16:20.671Z] [STEP] Waiting for activation payment page to load
[2026-02-01T10:16:20.672Z] [STEP] Waiting for Stripe payment iframe to become interactive
[2026-02-01T10:16:27.359Z] [SUCCESS] Stripe payment iframe and card inputs are ready
[2026-02-01T10:16:27.359Z] [STEP] Entering platform payment details
[2026-02-01T10:16:27.359Z] [STEP] Entering Stripe test card details
[2026-02-01T10:16:27.360Z] [STEP] Entering card number
[2026-02-01T10:16:28.609Z] [STEP] Entering expiry date
[2026-02-01T10:16:28.960Z] [STEP] Entering CVC
[2026-02-01T10:16:29.395Z] [SUCCESS] Stripe payment details entered successfully
[2026-02-01T10:16:29.395Z] [STEP] Submitting platform activation payment
[2026-02-01T10:16:29.395Z] [STEP] Submitting group activation payment
[2026-02-01T10:16:29.418Z] [STEP] Clicking Pay and Activate Group button

[[ATTACHMENT|..\test-results\group-group-activation-pay-10cf7-platform-payment-activation-02-group-activation\test-failed-1.png]]

[[ATTACHMENT|..\test-results\group-group-activation-pay-10cf7-platform-payment-activation-02-group-activation\video.webm]]

[[ATTACHMENT|..\test-results\group-group-activation-pay-10cf7-platform-payment-activation-02-group-activation\error-context.md]]

[[ATTACHMENT|..\test-results\group-group-activation-pay-10cf7-platform-payment-activation-02-group-activation\trace.zip]]
]]>
</system-out>
</testcase>
</testsuite>
<testsuite name="group\group-membership-setup.spec.ts" timestamp="2026-02-01T10:15:25.754Z" hostname="03-group-membership" tests="1" failures="0" skipped="1" time="0" errors="0">
<testcase name="Host configures group payment type for member access" classname="group\group-membership-setup.spec.ts" time="0">
<skipped>
</skipped>
</testcase>
</testsuite>
<testsuite name="session\create-session.spec.ts" timestamp="2026-02-01T10:15:25.754Z" hostname="04-create-session" tests="1" failures="0" skipped="1" time="0" errors="0">
<testcase name="Create Session › Host creates a session successfully" classname="session\create-session.spec.ts" time="0">
<skipped>
</skipped>
</testcase>
</testsuite>
</testsuites>