<testsuites id="" name="" tests="5" failures="0" skipped="0" errors="0" time="136.984277">
<testsuite name="setup\auth.setup.ts" timestamp="2026-02-01T16:38:44.124Z" hostname="setup" tests="1" failures="0" skipped="0" time="28.289" errors="0">
<testcase name="authenticate group host user" classname="setup\auth.setup.ts" time="28.289">
<system-out>
<![CDATA[[CHAT WIDGET] HIDDEN | Test: authenticate group host user
[2026-02-01T16:39:02.628Z] [SUCCESS] Login successful
]]>
</system-out>
</testcase>
</testsuite>
<testsuite name="group\create-group.spec.ts" timestamp="2026-02-01T16:38:44.124Z" hostname="01-create-group" tests="1" failures="0" skipped="0" time="18.588" errors="0">
<testcase name="Group Creation › Group Host can create a group successfully" classname="group\create-group.spec.ts" time="18.588">
<system-out>
<![CDATA[[CHAT WIDGET] HIDDEN | Test: Group Host can create a group successfully
[2026-02-01T16:39:17.787Z] [INFO] Starting Group Creation test
[2026-02-01T16:39:17.787Z] [STEP] Generated group name: Automation_Group_20260201_220917
[2026-02-01T16:39:17.787Z] [STEP] Navigating to Dashboard
[2026-02-01T16:39:21.559Z] [SUCCESS] Dashboard loaded
[2026-02-01T16:39:21.560Z] [STEP] Clicking "Start Group" from Dashboard
[2026-02-01T16:39:21.563Z] [STEP] Clicking on Start a Group
[2026-02-01T16:39:25.545Z] [SUCCESS] "Start Group" clicked
[2026-02-01T16:39:25.545Z] [STEP] Verifying Create Group page loaded
[2026-02-01T16:39:25.546Z] [ASSERT] Create Group page is loaded
[2026-02-01T16:39:27.967Z] [SUCCESS] Create Group page loaded
[2026-02-01T16:39:27.967Z] [STEP] Entering group details
[2026-02-01T16:39:27.968Z] [STEP] Filling group details
[2026-02-01T16:39:29.042Z] [SUCCESS] Group details entered
[2026-02-01T16:39:29.042Z] [STEP] Selecting random group tag
[2026-02-01T16:39:29.042Z] [STEP] Selecting a random group tag
[2026-02-01T16:39:31.497Z] [SUCCESS] Group tag selected
[2026-02-01T16:39:31.497Z] [STEP] Submitting Create Group form
[2026-02-01T16:39:31.497Z] [STEP] Submitting group creation Preview
[2026-02-01T16:39:31.607Z] [STEP] Confirming group submission
[2026-02-01T16:39:32.743Z] [SUCCESS] Create Group submitted
[2026-02-01T16:39:32.743Z] [STEP] Verifying group creation success message
[2026-02-01T16:39:34.741Z] [SUCCESS] Group created successfully (confirmation visible)
[2026-02-01T16:39:34.741Z] [INFO] Saving group name: Automation_Group_20260201_220917
[2026-02-01T16:39:34.744Z] [SUCCESS] Group name stored for reuse: Automation_Group_20260201_220917
[2026-02-01T16:39:34.744Z] [INFO] Group Creation test completed successfully
]]>
</system-out>
</testcase>
</testsuite>
<testsuite name="group\group-activation-payment.spec.ts" timestamp="2026-02-01T16:38:44.124Z" hostname="02-group-activation" tests="1" failures="0" skipped="0" time="30.972" errors="0">
<testcase name="Host activates group by completing platform payment @activation" classname="group\group-activation-payment.spec.ts" time="30.972">
<system-out>
<![CDATA[[CHAT WIDGET] HIDDEN | Test: Host activates group by completing platform payment @activation
[2026-02-01T16:39:38.757Z] [INFO] TEST STARTED: Host group activation via platform payment
[2026-02-01T16:39:38.759Z] [STEP] Target group for activation: Automation_Group_20260201_220917
[2026-02-01T16:39:38.760Z] [STEP] Opening inactive group and redirecting to payment flow
[2026-02-01T16:39:38.763Z] [STEP] Navigating to My Groups page
[2026-02-01T16:39:42.496Z] [STEP] Waiting for group cards to render
[2026-02-01T16:39:47.701Z] [STEP] Priority scan initiated for group: Automation_Group_20260201_220917
[2026-02-01T16:39:51.312Z] [SUCCESS] Priority group found: Automation_Group_20260201_220917

1 Member

Activate your group
[2026-02-01T16:39:51.342Z] [SUCCESS] Priority group is inactive, opening activation flow
[2026-02-01T16:39:52.164Z] [SUCCESS] Activation or payment page detected for priority group
[2026-02-01T16:39:52.164Z] [SUCCESS] Redirected to payment page for group: Automation_Group_20260201_220917

1 Member

Activate your group
[2026-02-01T16:39:52.164Z] [STEP] Waiting for activation payment page to load
[2026-02-01T16:39:52.165Z] [STEP] Waiting for Stripe payment iframe to become interactive
[2026-02-01T16:40:01.169Z] [SUCCESS] Stripe payment iframe and card inputs are ready
[2026-02-01T16:40:01.169Z] [STEP] Entering platform payment details
[2026-02-01T16:40:01.169Z] [STEP] Entering Stripe test card details
[2026-02-01T16:40:01.169Z] [STEP] Entering card number
[2026-02-01T16:40:03.402Z] [STEP] Entering expiry date
[2026-02-01T16:40:04.058Z] [STEP] Entering CVC
[2026-02-01T16:40:04.798Z] [SUCCESS] Stripe payment details entered successfully
[2026-02-01T16:40:04.798Z] [STEP] Submitting platform activation payment
[2026-02-01T16:40:04.798Z] [STEP] Submitting group activation payment
[2026-02-01T16:40:04.858Z] [STEP] Clicking Pay and Activate Group button
[2026-02-01T16:40:08.113Z] [SUCCESS] Payment submitted and group activation confirmed
[2026-02-01T16:40:08.113Z] [SUCCESS] TEST COMPLETED: Group activated successfully via platform payment
]]>
</system-out>
</testcase>
</testsuite>
<testsuite name="group\group-membership-setup.spec.ts" timestamp="2026-02-01T16:38:44.124Z" hostname="03-group-membership" tests="1" failures="0" skipped="0" time="13.252" errors="0">
<testcase name="Host configures group payment type for member access" classname="group\group-membership-setup.spec.ts" time="13.252">
<system-out>
<![CDATA[[CHAT WIDGET] HIDDEN | Test: Host configures group payment type for member access
[2026-02-01T16:40:12.308Z] [INFO] Starting Group Membership Setup test
[2026-02-01T16:40:12.310Z] [STEP] Opening Profile → Payments page
[2026-02-01T16:40:20.147Z] [SUCCESS] Profile Payments page ready
[2026-02-01T16:40:20.148Z] [STEP] Target group for configures member access: Automation_Group_20260201_220917
[2026-02-01T16:40:20.149Z] [STEP] Selecting group: Automation_Group_20260201_220917
[2026-02-01T16:40:20.940Z] [STEP] Selecting group from Chakra virtualized menu
[2026-02-01T16:40:22.384Z] [SUCCESS] Group switched successfully to: Automation_Group_20260201_220917
[2026-02-01T16:40:22.385Z] [STEP] Preparing to configure payment settings
[2026-02-01T16:40:22.415Z] [STEP] Waiting for payment section
[2026-02-01T16:40:22.452Z] [STEP] Selecting FREE payment type
[2026-02-01T16:40:22.564Z] [STEP] Saving payment settings
[2026-02-01T16:40:24.003Z] [SUCCESS] Payment type saved successfully
[2026-02-01T16:40:24.003Z] [SUCCESS] Group membership selection completed
]]>
</system-out>
</testcase>
</testsuite>
<testsuite name="session\create-session.spec.ts" timestamp="2026-02-01T16:38:44.124Z" hostname="04-create-session" tests="1" failures="0" skipped="0" time="32.958" errors="0">
<testcase name="Create Session › Host creates a session successfully" classname="session\create-session.spec.ts" time="32.958">
<system-out>
<![CDATA[[CHAT WIDGET] HIDDEN | Test: Host creates a session successfully
[2026-02-01T16:40:28.058Z] [INFO] Starting Create Session test
[2026-02-01T16:40:28.058Z] [STEP] Navigating to Dashboard
[2026-02-01T16:40:31.904Z] [SUCCESS] Dashboard loaded
[2026-02-01T16:40:31.904Z] [STEP] Searching for a group that supports Create Session
[2026-02-01T16:40:31.906Z] [STEP] Searching for saved group to create session: Automation_Group_20260201_220917
[2026-02-01T16:40:31.906Z] [STEP] Navigating to My Groups page
[2026-02-01T16:40:35.093Z] [STEP] Waiting for group cards to render
[2026-02-01T16:40:40.179Z] [INFO] Total groups detected: 79
[2026-02-01T16:40:43.876Z] [SUCCESS] Saved group matched: Automation_Group_20260201_220917
[2026-02-01T16:40:43.951Z] [STEP] Opening saved group chat
[2026-02-01T16:40:44.208Z] [STEP] Initiating Create Session flow from Chat menu
[2026-02-01T16:40:44.209Z] [STEP] Verifying chat page has loaded correctly
[2026-02-01T16:40:49.304Z] [SUCCESS] Chat page layout is visible
[2026-02-01T16:40:49.382Z] [SUCCESS] Chat page opened for expected group: Automation_Group_20260201_220917
[2026-02-01T16:40:49.428Z] [INFO] Announcement banner detected, attempting to close
[2026-02-01T16:40:49.833Z] [SUCCESS] Announcement banner closed successfully
[2026-02-01T16:40:50.233Z] [SUCCESS] Chat action menu opened
[2026-02-01T16:40:50.592Z] [SUCCESS] "Schedule a Session" menu item selected
[2026-02-01T16:40:52.467Z] [SUCCESS] Create Session modal displayed successfully
[2026-02-01T16:40:52.468Z] [SUCCESS] Create Session modal successfully opened for saved group
[2026-02-01T16:40:52.468Z] [SUCCESS] Create Session modal opened successfully
[2026-02-01T16:40:52.469Z] [STEP] Generated session title: Automation_Session_20260201_221052
[2026-02-01T16:40:52.469Z] [STEP] Waiting for Create Session modal to be visible
[2026-02-01T16:40:52.469Z] [STEP] Waiting for Create Session modal
[2026-02-01T16:40:52.572Z] [SUCCESS] Create Session modal visible
[2026-02-01T16:40:52.573Z] [STEP] Filling required fields in Create Session modal
[2026-02-01T16:40:52.573Z] [STEP] Filling Create Session form
[2026-02-01T16:40:52.574Z] [STEP] Setting session date to next day
[2026-02-01T16:40:54.544Z] [INFO] Session date set to 02 February, 2026
[2026-02-01T16:40:55.908Z] [SUCCESS] Required fields filled
[2026-02-01T16:40:55.909Z] [STEP] Submitting Create Session form
[2026-02-01T16:40:55.909Z] [STEP] Submitting session
[2026-02-01T16:40:56.115Z] [STEP] Verifying session creation success indicator
[2026-02-01T16:40:59.163Z] [SUCCESS] Session created successfully with title: Automation_Session_20260201_221052
]]>
</system-out>
</testcase>
</testsuite>
</testsuites>