<testsuites id="" name="" tests="5" failures="1" skipped="0" errors="0" time="100.49028600000001">
<testsuite name="setup\auth.setup.ts" timestamp="2026-02-01T13:13:23.330Z" hostname="setup" tests="1" failures="0" skipped="0" time="28.12" errors="0">
<testcase name="authenticate group host user" classname="setup\auth.setup.ts" time="28.12">
<system-out>
<![CDATA[[CHAT WIDGET] HIDDEN | Test: authenticate group host user
[2026-02-01T13:13:41.644Z] [SUCCESS] Login successful
]]>
</system-out>
</testcase>
</testsuite>
<testsuite name="group\create-group.spec.ts" timestamp="2026-02-01T13:13:23.330Z" hostname="01-create-group" tests="1" failures="0" skipped="0" time="17.294" errors="0">
<testcase name="Group Creation › Group Host can create a group successfully" classname="group\create-group.spec.ts" time="17.294">
<system-out>
<![CDATA[[CHAT WIDGET] HIDDEN | Test: Group Host can create a group successfully
[2026-02-01T13:13:56.861Z] [INFO] Starting Group Creation test
[2026-02-01T13:13:56.862Z] [STEP] Generated group name: Automation_Group_20260201_184356
[2026-02-01T13:13:56.862Z] [STEP] Navigating to Dashboard
[2026-02-01T13:14:00.314Z] [SUCCESS] Dashboard loaded
[2026-02-01T13:14:00.314Z] [STEP] Clicking "Start Group" from Dashboard
[2026-02-01T13:14:00.316Z] [STEP] Clicking on Start a Group
[2026-02-01T13:14:04.301Z] [SUCCESS] "Start Group" clicked
[2026-02-01T13:14:04.302Z] [STEP] Verifying Create Group page loaded
[2026-02-01T13:14:04.303Z] [ASSERT] Create Group page is loaded
[2026-02-01T13:14:06.258Z] [SUCCESS] Create Group page loaded
[2026-02-01T13:14:06.259Z] [STEP] Entering group details
[2026-02-01T13:14:06.260Z] [STEP] Filling group details
[2026-02-01T13:14:07.199Z] [SUCCESS] Group details entered
[2026-02-01T13:14:07.199Z] [STEP] Selecting random group tag
[2026-02-01T13:14:07.200Z] [STEP] Selecting a random group tag
[2026-02-01T13:14:09.423Z] [SUCCESS] Group tag selected
[2026-02-01T13:14:09.423Z] [STEP] Submitting Create Group form
[2026-02-01T13:14:09.423Z] [STEP] Submitting group creation Preview
[2026-02-01T13:14:09.538Z] [STEP] Confirming group submission
[2026-02-01T13:14:10.619Z] [SUCCESS] Create Group submitted
[2026-02-01T13:14:10.620Z] [STEP] Verifying group creation success message
[2026-02-01T13:14:12.606Z] [SUCCESS] Group created successfully (confirmation visible)
[2026-02-01T13:14:12.607Z] [INFO] Saving group name: Automation_Group_20260201_184356
[2026-02-01T13:14:12.608Z] [SUCCESS] Group name stored for reuse: Automation_Group_20260201_184356
[2026-02-01T13:14:12.608Z] [INFO] Group Creation test completed successfully
]]>
</system-out>
</testcase>
</testsuite>
<testsuite name="group\group-activation-payment.spec.ts" timestamp="2026-02-01T13:13:23.330Z" hostname="02-group-activation" tests="1" failures="0" skipped="0" time="25.675" errors="0">
<testcase name="Host activates group by completing platform payment @activation" classname="group\group-activation-payment.spec.ts" time="25.675">
<system-out>
<![CDATA[[CHAT WIDGET] HIDDEN | Test: Host activates group by completing platform payment @activation
[2026-02-01T13:14:16.841Z] [INFO] TEST STARTED: Host group activation via platform payment
[2026-02-01T13:14:16.843Z] [STEP] Target group for activation: Automation_Group_20260201_184356
[2026-02-01T13:14:16.843Z] [STEP] Opening inactive group and redirecting to payment flow
[2026-02-01T13:14:16.846Z] [STEP] Navigating to My Groups page
[2026-02-01T13:14:20.522Z] [STEP] Waiting for group cards to render
[2026-02-01T13:14:25.465Z] [STEP] Priority scan initiated for group: Automation_Group_20260201_184356
[2026-02-01T13:14:28.187Z] [SUCCESS] Priority group found: Automation_Group_20260201_184356

1 Member

Activate your group
[2026-02-01T13:14:28.209Z] [SUCCESS] Priority group is inactive, opening activation flow
[2026-02-01T13:14:29.017Z] [SUCCESS] Activation or payment page detected for priority group
[2026-02-01T13:14:29.018Z] [SUCCESS] Redirected to payment page for group: Automation_Group_20260201_184356

1 Member

Activate your group
[2026-02-01T13:14:29.018Z] [STEP] Waiting for activation payment page to load
[2026-02-01T13:14:29.019Z] [STEP] Waiting for Stripe payment iframe to become interactive
[2026-02-01T13:14:37.206Z] [SUCCESS] Stripe payment iframe and card inputs are ready
[2026-02-01T13:14:37.206Z] [STEP] Entering platform payment details
[2026-02-01T13:14:37.207Z] [STEP] Entering Stripe test card details
[2026-02-01T13:14:37.207Z] [STEP] Entering card number
[2026-02-01T13:14:39.159Z] [STEP] Entering expiry date
[2026-02-01T13:14:39.646Z] [STEP] Entering CVC
[2026-02-01T13:14:40.355Z] [SUCCESS] Stripe payment details entered successfully
[2026-02-01T13:14:40.355Z] [STEP] Submitting platform activation payment
[2026-02-01T13:14:40.356Z] [STEP] Submitting payment
[2026-02-01T13:14:40.565Z] [SUCCESS] Payment submitted
[2026-02-01T13:14:40.565Z] [SUCCESS] TEST COMPLETED: Group activated successfully via platform payment
]]>
</system-out>
</testcase>
</testsuite>
<testsuite name="group\group-membership-setup.spec.ts" timestamp="2026-02-01T13:13:23.330Z" hostname="03-group-membership" tests="1" failures="0" skipped="0" time="13.106" errors="0">
<testcase name="Host configures group payment type for member access" classname="group\group-membership-setup.spec.ts" time="13.106">
<system-out>
<![CDATA[[CHAT WIDGET] HIDDEN | Test: Host configures group payment type for member access
[2026-02-01T13:14:44.893Z] [INFO] Starting Group Membership Setup test
[2026-02-01T13:14:44.896Z] [STEP] Opening Profile → Payments page
[2026-02-01T13:14:52.771Z] [SUCCESS] Profile Payments page ready
[2026-02-01T13:14:52.772Z] [STEP] Target group for configures member access: Automation_Group_20260201_184356
[2026-02-01T13:14:52.773Z] [STEP] Selecting group: Automation_Group_20260201_184356
[2026-02-01T13:14:53.465Z] [STEP] Selecting group from Chakra virtualized menu
[2026-02-01T13:14:54.851Z] [SUCCESS] Group switched successfully to: Automation_Group_20260201_184356
[2026-02-01T13:14:54.852Z] [STEP] Preparing to configure payment settings
[2026-02-01T13:14:54.897Z] [STEP] Group context ready, waiting for payment section
[2026-02-01T13:14:54.932Z] [STEP] Selecting FREE payment type
[2026-02-01T13:14:55.037Z] [STEP] Saving payment settings
[2026-02-01T13:14:56.468Z] [SUCCESS] Payment type saved successfully
[2026-02-01T13:14:56.468Z] [SUCCESS] Group membership selection completed
]]>
</system-out>
</testcase>
</testsuite>
<testsuite name="session\create-session.spec.ts" timestamp="2026-02-01T13:13:23.330Z" hostname="04-create-session" tests="1" failures="1" skipped="0" time="3.452" errors="0">
<testcase name="Create Session › Host creates a session successfully" classname="session\create-session.spec.ts" time="3.452">
<failure message="create-session.spec.ts:9:7 Host creates a session successfully" type="FAILURE">
<![CDATA[  [04-create-session] › session\create-session.spec.ts:9:7 › Create Session › Host creates a session successfully @regression 

    Error: page.goto: Target page, context or browser has been closed
    Call log:
      - navigating to "https://staging.mentalhappy.com/groups", waiting until "load"


      17 |       // ---------------------------------------------------------
      18 |       Logger.step('Navigating to Dashboard');
    > 19 |       await page.goto(URLS.DASHBOARD);
         |                  ^
      20 |       Logger.success('Dashboard loaded');
      21 |
      22 |       // ---------------------------------------------------------
        at D:\Git\mentalhappy-playwright\tests\session\create-session.spec.ts:19:18

    attachment #5: video (video/webm) ──────────────────────────────────────────────────────────────
    ..\test-results\session-create-session-Cre-a1fe7-ates-a-session-successfully-04-create-session\video.webm
    ────────────────────────────────────────────────────────────────────────────────────────────────

    attachment #6: trace (application/zip) ─────────────────────────────────────────────────────────
    ..\test-results\session-create-session-Cre-a1fe7-ates-a-session-successfully-04-create-session\trace.zip
    Usage:

        npx playwright show-trace ..\test-results\session-create-session-Cre-a1fe7-ates-a-session-successfully-04-create-session\trace.zip

    ────────────────────────────────────────────────────────────────────────────────────────────────
]]>
</failure>
<system-out>
<![CDATA[[CHAT WIDGET] HIDDEN | Test: Host creates a session successfully
[2026-02-01T13:15:00.504Z] [INFO] Starting Create Session test
[2026-02-01T13:15:00.505Z] [STEP] Navigating to Dashboard

[[ATTACHMENT|..\test-results\session-create-session-Cre-a1fe7-ates-a-session-successfully-04-create-session\video.webm]]

[[ATTACHMENT|..\test-results\session-create-session-Cre-a1fe7-ates-a-session-successfully-04-create-session\trace.zip]]
]]>
</system-out>
</testcase>
</testsuite>
</testsuites>